#
# A fatal error has been detected by the Java Runtime Environment:
#
#  EXCEPTION_ACCESS_VIOLATION (0xc0000005) at pc=0x7608d225, pid=5720, tid=4668
#
# JRE version: 6.0_35-b10
# Java VM: Java HotSpot(TM) Client VM (20.10-b01 mixed mode, sharing windows-x86 )
# Problematic frame:
# C  [ole32.dll+0x2d225]
#
# If you would like to submit a bug report, please visit:
#   http://java.sun.com/webapps/bugreport/crash.jsp
# The crash happened outside the Java Virtual Machine in native code.
# See problematic frame for where to report the bug.
#

---------------  T H R E A D  ---------------

Current thread (0x04726800):  JavaThread "AWT-EventQueue-0" [_thread_in_native, id=4668, stack(0x04170000,0x041c0000)]

siginfo: ExceptionCode=0xc0000005, reading address 0x00000060

Registers:
EAX=0x00000000, EBX=0x04730c48, ECX=0x761a73b0, EDX=0x0000000c
ESP=0x041be700, EBP=0x041be730, ESI=0x00130990, EDI=0x001d06b0
EIP=0x7608d225, EFLAGS=0x00010246

Top of Stack: (sp=0x041be700)
0x041be700:   04730c48 001d06b0 00000000 00000000
0x041be710:   760a3d4f 00130990 00000000 760aeddf
0x041be720:   001d06b4 041be738 760af030 19e9e62b
0x041be730:   041be74c 7608d369 057ddc60 00000000
0x041be740:   7619d6ee 04908ea8 001d06b0 041be798
0x041be750:   760ee893 19e9e683 04908ea8 04908ea8
0x041be760:   04730c48 041be77c 75d3ad36 00000000
0x041be770:   00000000 00000608 001f0001 00000000 

Instructions: (pc=0x7608d225)
0x7608d205:   65 03 00 64 a1 18 00 00 00 8b 80 80 0f 00 00 f6
0x7608d215:   40 0c 80 0f 84 37 06 00 00 8b 46 40 53 89 46 38
0x7608d225:   8b 48 60 68 f8 6f 0b 76 89 4e 48 8b 40 64 68 b0
0x7608d235:   03 00 00 bb 58 77 1a 76 68 04 70 0b 76 8b cb 89 


Register to memory mapping:

EAX=0x00000000 is an unknown value
EBX=0x04730c48 is a global jni handle
ECX=0x761a73b0 is an unknown value
EDX=0x0000000c is an unknown value
ESP=0x041be700 is pointing into the stack for thread: 0x04726800
EBP=0x041be730 is pointing into the stack for thread: 0x04726800
ESI=0x00130990 is an unknown value
EDI=0x001d06b0 is an unknown value


Stack: [0x04170000,0x041c0000],  sp=0x041be700,  free space=313k
Native frames: (J=compiled Java code, j=interpreted, Vv=VM code, C=native code)
C  [ole32.dll+0x2d225]  CoGetTreatAsClass+0x2af6
C  [ole32.dll+0x2d369]  CoGetTreatAsClass+0x2c3a
C  [ole32.dll+0x8e893]  CoLockObjectExternal+0x22

Java frames: (J=compiled Java code, j=interpreted, Vv=VM code)
j  sun.awt.windows.WComponentPeer.addNativeDropTarget()J+0
j  sun.awt.windows.WComponentPeer.addDropTarget(Ljava/awt/dnd/DropTarget;)V+9
j  java.awt.dnd.DropTarget.addNotify(Ljava/awt/peer/ComponentPeer;)V+60
j  java.awt.Component.addNotify()V+297
J  java.awt.Container.addNotify()V
j  javax.swing.JComponent.addNotify()V+1
J  java.awt.Container.addNotify()V
j  javax.swing.JComponent.addNotify()V+1
J  java.awt.Container.addNotify()V
j  javax.swing.JComponent.addNotify()V+1
J  java.awt.Container.addNotify()V
j  javax.swing.JComponent.addNotify()V+1
j  javax.swing.JRootPane.addNotify()V+1
J  java.awt.Container.addNotify()V
j  java.awt.Window.addNotify()V+73
j  java.awt.Dialog.addNotify()V+51
j  java.awt.Window.pack()V+28
j  javax.swing.JFileChooser.createDialog(Ljava/awt/Component;)Ljavax/swing/JDialog;+126
j  javax.swing.JFileChooser.showDialog(Ljava/awt/Component;Ljava/lang/String;)I+17
j  javax.swing.JFileChooser.showOpenDialog(Ljava/awt/Component;)I+8
j  diduler.mainUI.FileInputUI.initComponents()V+91
j  diduler.mainUI.FileInputUI.<init>(Ljava/lang/String;)V+32
j  diduler.mainUI.MainFrameUI$MenuPanel$MainImageButtonListener.actionPerformed(Ljava/awt/event/ActionEvent;)V+6
j  javax.swing.AbstractButton.fireActionPerformed(Ljava/awt/event/ActionEvent;)V+84
j  javax.swing.AbstractButton$Handler.actionPerformed(Ljava/awt/event/ActionEvent;)V+5
j  javax.swing.DefaultButtonModel.fireActionPerformed(Ljava/awt/event/ActionEvent;)V+35
j  javax.swing.DefaultButtonModel.setPressed(Z)V+117
j  javax.swing.plaf.basic.BasicButtonListener.mouseReleased(Ljava/awt/event/MouseEvent;)V+35
j  java.awt.Component.processMouseEvent(Ljava/awt/event/MouseEvent;)V+64
j  javax.swing.JComponent.processMouseEvent(Ljava/awt/event/MouseEvent;)V+23
J  java.awt.Component.processEvent(Ljava/awt/AWTEvent;)V
J  java.awt.Container.processEvent(Ljava/awt/AWTEvent;)V
J  java.awt.Component.dispatchEventImpl(Ljava/awt/AWTEvent;)V
J  java.awt.Container.dispatchEventImpl(Ljava/awt/AWTEvent;)V
J  java.awt.LightweightDispatcher.retargetMouseEvent(Ljava/awt/Component;ILjava/awt/event/MouseEvent;)V
J  java.awt.LightweightDispatcher.processMouseEvent(Ljava/awt/event/MouseEvent;)Z
J  java.awt.LightweightDispatcher.dispatchEvent(Ljava/awt/AWTEvent;)Z
J  java.awt.Container.dispatchEventImpl(Ljava/awt/AWTEvent;)V
J  java.awt.Window.dispatchEventImpl(Ljava/awt/AWTEvent;)V
J  java.awt.EventQueue.dispatchEventImpl(Ljava/awt/AWTEvent;Ljava/lang/Object;)V
J  java.awt.EventQueue$2.run()Ljava/lang/Object;
v  ~StubRoutines::call_stub
J  java.security.AccessController.doPrivileged(Ljava/security/PrivilegedAction;Ljava/security/AccessControlContext;)Ljava/lang/Object;
J  java.security.AccessControlContext$1.doIntersectionPrivilege(Ljava/security/PrivilegedAction;Ljava/security/AccessControlContext;Ljava/security/AccessControlContext;)Ljava/lang/Object;
J  java.awt.EventQueue$3.run()Ljava/lang/Object;
v  ~StubRoutines::call_stub
J  java.security.AccessController.doPrivileged(Ljava/security/PrivilegedAction;Ljava/security/AccessControlContext;)Ljava/lang/Object;
J  java.awt.EventQueue.dispatchEvent(Ljava/awt/AWTEvent;)V
J  java.awt.EventDispatchThread.pumpOneEventForFilters(I)Z
j  java.awt.EventDispatchThread.pumpEventsForFilter(ILjava/awt/Conditional;Ljava/awt/EventFilter;)V+30
j  java.awt.EventDispatchThread.pumpEventsForHierarchy(ILjava/awt/Conditional;Ljava/awt/Component;)V+11
j  java.awt.EventDispatchThread.pumpEvents(ILjava/awt/Conditional;)V+4
j  java.awt.EventDispatchThread.pumpEvents(Ljava/awt/Conditional;)V+3
j  java.awt.EventDispatchThread.run()V+9
v  ~StubRoutines::call_stub

---------------  P R O C E S S  ---------------

Java Threads: ( => current thread )
  0x04906c00 JavaThread "Swing-Shell" daemon [_thread_blocked, id=952, stack(0x06690000,0x066e0000)]
  0x019d7800 JavaThread "TimerQueue" daemon [_thread_blocked, id=5256, stack(0x05e50000,0x05ea0000)]
  0x018f9400 JavaThread "DestroyJavaVM" [_thread_blocked, id=4424, stack(0x01850000,0x018a0000)]
=>0x04726800 JavaThread "AWT-EventQueue-0" [_thread_in_native, id=4668, stack(0x04170000,0x041c0000)]
  0x019ec400 JavaThread "AWT-Windows" daemon [_thread_in_native, id=5676, stack(0x03fe0000,0x04030000)]
  0x019ebc00 JavaThread "AWT-Shutdown" [_thread_blocked, id=5288, stack(0x03f90000,0x03fe0000)]
  0x019e9800 JavaThread "Java2D Disposer" daemon [_thread_blocked, id=4240, stack(0x03f10000,0x03f60000)]
  0x019a4800 JavaThread "Low Memory Detector" daemon [_thread_blocked, id=2664, stack(0x03d20000,0x03d70000)]
  0x01984400 JavaThread "C1 CompilerThread0" daemon [_thread_blocked, id=4484, stack(0x03cd0000,0x03d20000)]
  0x0197fc00 JavaThread "Attach Listener" daemon [_thread_blocked, id=352, stack(0x03c80000,0x03cd0000)]
  0x0197cc00 JavaThread "Signal Dispatcher" daemon [_thread_blocked, id=572, stack(0x03c30000,0x03c80000)]
  0x01971c00 JavaThread "Finalizer" daemon [_thread_blocked, id=5884, stack(0x03be0000,0x03c30000)]
  0x0196d000 JavaThread "Reference Handler" daemon [_thread_blocked, id=5092, stack(0x03b90000,0x03be0000)]

Other Threads:
  0x01931400 VMThread [stack: 0x018a0000,0x018f0000] [id=4952]
  0x019b6000 WatcherThread [stack: 0x03d70000,0x03dc0000] [id=4516]

VM state:not at safepoint (normal execution)

VM Mutex/Monitor currently owned by a thread: None

Heap
 def new generation   total 4928K, used 3375K [0x23af0000, 0x24040000, 0x29040000)
  eden space 4416K,  68% used [0x23af0000, 0x23de4cd0, 0x23f40000)
  from space 512K,  68% used [0x23fc0000, 0x240170e0, 0x24040000)
  to   space 512K,   0% used [0x23f40000, 0x23f40000, 0x23fc0000)
 tenured generation   total 10944K, used 8806K [0x29040000, 0x29af0000, 0x33af0000)
   the space 10944K,  80% used [0x29040000, 0x298d98d8, 0x298d9a00, 0x29af0000)
 compacting perm gen  total 12288K, used 3304K [0x33af0000, 0x346f0000, 0x37af0000)
   the space 12288K,  26% used [0x33af0000, 0x33e2a088, 0x33e2a200, 0x346f0000)
    ro space 10240K,  55% used [0x37af0000, 0x38070f00, 0x38071000, 0x384f0000)
    rw space 12288K,  55% used [0x384f0000, 0x38b942f0, 0x38b94400, 0x390f0000)

Code Cache  [0x01a00000, 0x01c50000, 0x03a00000)
 total_blobs=1544 nmethods=1322 adapters=155 free_code_cache=31131200 largest_free_block=256

Dynamic libraries:
0x00400000 - 0x00425000 	C:\Program Files\Java\jdk1.6.0_35\bin\javaw.exe
0x77ad0000 - 0x77c0c000 	C:\Windows\SYSTEM32\ntdll.dll
0x75f80000 - 0x76054000 	C:\Windows\system32\kernel32.dll
0x75d30000 - 0x75d7a000 	C:\Windows\system32\KERNELBASE.dll
0x77a30000 - 0x77ad0000 	C:\Windows\system32\ADVAPI32.dll
0x76570000 - 0x7661c000 	C:\Windows\system32\msvcrt.dll
0x75f60000 - 0x75f79000 	C:\Windows\SYSTEM32\sechost.dll
0x77980000 - 0x77a21000 	C:\Windows\system32\RPCRT4.dll
0x762e0000 - 0x763a9000 	C:\Windows\system32\USER32.dll
0x76620000 - 0x7666e000 	C:\Windows\system32\GDI32.dll
0x77c50000 - 0x77c5a000 	C:\Windows\system32\LPK.dll
0x76920000 - 0x769bd000 	C:\Windows\system32\USP10.dll
0x77c20000 - 0x77c3f000 	C:\Windows\system32\IMM32.DLL
0x76b40000 - 0x76c0c000 	C:\Windows\system32\MSCTF.dll
0x7c340000 - 0x7c396000 	C:\Program Files\Java\jdk1.6.0_35\jre\bin\msvcr71.dll
0x6d8c0000 - 0x6db6f000 	C:\Program Files\Java\jdk1.6.0_35\jre\bin\client\jvm.dll
0x74030000 - 0x74062000 	C:\Windows\system32\WINMM.dll
0x75b60000 - 0x75bac000 	C:\Windows\system32\apphelp.dll
0x6d870000 - 0x6d87c000 	C:\Program Files\Java\jdk1.6.0_35\jre\bin\verify.dll
0x6d3d0000 - 0x6d3ef000 	C:\Program Files\Java\jdk1.6.0_35\jre\bin\java.dll
0x6d8b0000 - 0x6d8bf000 	C:\Program Files\Java\jdk1.6.0_35\jre\bin\zip.dll
0x6d0b0000 - 0x6d1fc000 	C:\Program Files\Java\jdk1.6.0_35\jre\bin\awt.dll
0x6fbe0000 - 0x6fc31000 	C:\Windows\system32\WINSPOOL.DRV
0x76060000 - 0x761bc000 	C:\Windows\system32\ole32.dll
0x74bc0000 - 0x74d5e000 	C:\Windows\WinSxS\x86_microsoft.windows.common-controls_6595b64144ccf1df_6.0.7601.17514_none_41e6975e2bd6f2b2\COMCTL32.dll
0x769c0000 - 0x76a17000 	C:\Windows\system32\SHLWAPI.dll
0x74740000 - 0x74753000 	C:\Windows\system32\DWMAPI.DLL
0x74a30000 - 0x74a70000 	C:\Windows\system32\uxtheme.dll
0x6f240000 - 0x6f2ac000 	C:\Windows\system32\IMKR14.IME
0x76c10000 - 0x7785a000 	C:\Windows\system32\SHELL32.dll
0x761c0000 - 0x7624f000 	C:\Windows\system32\OLEAUT32.dll
0x70e40000 - 0x70ee3000 	C:\Windows\WinSxS\x86_microsoft.vc90.crt_1fc8b3b9a1e18e3b_9.0.30729.4940_none_50916076bcb9a742\MSVCR90.dll
0x70db0000 - 0x70e3e000 	C:\Windows\WinSxS\x86_microsoft.vc90.crt_1fc8b3b9a1e18e3b_9.0.30729.4940_none_50916076bcb9a742\MSVCP90.dll
0x75be0000 - 0x75bec000 	C:\Windows\system32\CRYPTBASE.dll
0x6d2e0000 - 0x6d32f000 	C:\Program Files\Java\jdk1.6.0_35\jre\bin\fontmanager.dll
0x6d6b0000 - 0x6d6c3000 	C:\Program Files\Java\jdk1.6.0_35\jre\bin\net.dll
0x76250000 - 0x76285000 	C:\Windows\system32\WS2_32.dll
0x77c40000 - 0x77c46000 	C:\Windows\system32\NSI.dll
0x756a0000 - 0x756dc000 	C:\Windows\system32\mswsock.dll
0x75690000 - 0x75696000 	C:\Windows\System32\wship6.dll
0x6d6d0000 - 0x6d6d9000 	C:\Program Files\Java\jdk1.6.0_35\jre\bin\nio.dll
0x6d250000 - 0x6d273000 	C:\Program Files\Java\jdk1.6.0_35\jre\bin\dcpr.dll
0x76810000 - 0x76893000 	C:\Windows\system32\CLBCatQ.DLL
0x6c410000 - 0x6c4ae000 	C:\Program Files\Common Files\Microsoft Shared\IME14\IMEKR\IMKRTIP.DLL
0x6c360000 - 0x6c40a000 	C:\PROGRA~1\COMMON~1\MICROS~1\IME14\SHARED\IMETIP.DLL
0x6c330000 - 0x6c356000 	C:\PROGRA~1\COMMON~1\MICROS~1\IME14\IMEKR\IMKRAPI.DLL
0x75160000 - 0x75169000 	C:\Windows\system32\VERSION.dll
0x6c300000 - 0x6c32a000 	C:\Program Files\Common Files\Microsoft Shared\IME14\SHARED\IMJKAPI.DLL
0x76670000 - 0x7680d000 	C:\Windows\system32\SETUPAPI.dll
0x75ce0000 - 0x75d07000 	C:\Windows\system32\CFGMGR32.dll
0x75d10000 - 0x75d22000 	C:\Windows\system32\DEVOBJ.dll
0x74a70000 - 0x74b65000 	C:\Windows\system32\propsys.dll
0x74280000 - 0x742a1000 	C:\Windows\system32\ntmarta.dll
0x76290000 - 0x762d5000 	C:\Windows\system32\WLDAP32.dll
0x6c0d0000 - 0x6c268000 	C:\Windows\system32\NetworkExplorer.dll
0x6e360000 - 0x6e38e000 	C:\Windows\System32\shdocvw.dll
0x75c60000 - 0x75c6b000 	C:\Windows\system32\profapi.dll
0x73e30000 - 0x73e3a000 	C:\Windows\system32\slc.dll
0x6f220000 - 0x6f232000 	C:\Windows\system32\MPR.dll
0x6b700000 - 0x6b708000 	C:\Windows\System32\drprov.dll
0x75bb0000 - 0x75bd9000 	C:\Windows\System32\WINSTA.dll
0x6b6e0000 - 0x6b6f4000 	C:\Windows\System32\ntlanman.dll
0x6b6c0000 - 0x6b6d7000 	C:\Windows\System32\davclnt.dll
0x6b6b0000 - 0x6b6b8000 	C:\Windows\System32\DAVHLPR.dll
0x743f0000 - 0x743ff000 	C:\Windows\system32\wkscli.dll
0x70b80000 - 0x70b8b000 	C:\Windows\system32\cscapi.dll
0x74400000 - 0x74409000 	C:\Windows\system32\netutils.dll
0x65170000 - 0x653a8000 	C:\Windows\system32\wpdshext.dll
0x748a0000 - 0x74a30000 	C:\Windows\WinSxS\x86_microsoft.windows.gdiplus_6595b64144ccf1df_1.1.7601.17825_none_72d273598668a06b\gdiplus.dll
0x6ade0000 - 0x6ae69000 	C:\Windows\system32\PortableDeviceApi.dll
0x75f30000 - 0x75f5d000 	C:\Windows\system32\WINTRUST.dll
0x75e10000 - 0x75f2e000 	C:\Windows\system32\CRYPT32.dll
0x75cd0000 - 0x75cdc000 	C:\Windows\system32\MSASN1.dll
0x720f0000 - 0x7211b000 	C:\Windows\system32\PortableDeviceTypes.dll
0x65f60000 - 0x65f9f000 	C:\Windows\system32\audiodev.dll
0x697d0000 - 0x69a37000 	C:\Windows\system32\WMVCore.DLL
0x69760000 - 0x6979d000 	C:\Windows\system32\WMASF.DLL
0x6e640000 - 0x6e671000 	C:\Windows\system32\EhStorShell.dll
0x65e60000 - 0x65e82000 	C:\Windows\system32\EhStorAPI.dll
0x6e350000 - 0x6e359000 	C:\Windows\system32\LINKINFO.dll
0x06830000 - 0x0717d000 	C:\Windows\System32\ieframe.dll
0x77c90000 - 0x77c95000 	C:\Windows\system32\PSAPI.DLL
0x74240000 - 0x7427c000 	C:\Windows\System32\OLEACC.dll
0x763b0000 - 0x76568000 	C:\Windows\system32\iertutil.dll

VM Arguments:
jvm_args: -Dfile.encoding=MS949 
java_command: diduler.mainUI.MainFrameUI
Launcher Type: SUN_STANDARD

Environment Variables:
JAVA_HOME=C:\Program Files\Java\jdk1.6.0_35
PATH=C:/Program Files/Java/jre6/bin/client;C:/Program Files/Java/jre6/bin;C:/Program Files/Java/jre6/lib/i386;D:\oracle\product\10.2.0\db_2\bin;D:\oracle\product\10.2.0\db_1\bin;C:\Windows\system32;C:\Windows;C:\Windows\System32\Wbem;C:\Windows\System32\WindowsPowerShell\v1.0\;C:\Program Files\Microsoft SQL Server\90\Tools\binn\;C:\Program Files\Microsoft SQL Server\100\Tools\Binn\;C:\Program Files\Microsoft SQL Server\100\DTS\Binn\;C:\opencv\tbb40_297oss\bin\ia32\vc10;C:\opencv\build\x86\vc10\bin;C:\Program Files\Java\jdk1.6.0_35\bin;;D:\eclipse-SDK-4.2.1-win32\eclipse;
USERNAME=JHC
OS=Windows_NT
PROCESSOR_IDENTIFIER=x86 Family 6 Model 15 Stepping 13, GenuineIntel



---------------  S Y S T E M  ---------------

OS: Windows 7 Build 7601 Service Pack 1

CPU:total 2 (2 cores per cpu, 1 threads per core) family 6 model 15 stepping 13, cmov, cx8, fxsr, mmx, sse, sse2, sse3, ssse3

Memory: 4k page, physical 2057112k(199932k free), swap 4114224k(2035428k free)

vm_info: Java HotSpot(TM) Client VM (20.10-b01) for windows-x86 JRE (1.6.0_35-b10), built on Aug 28 2012 17:31:51 by "java_re" with MS VC++ 7.1 (VS2003)

time: Sun Nov 18 16:15:13 2012
elapsed time: 83 seconds

